{"/Users/cristiancaroli/Developer/moviematch-server/src/helpers.js": {"path":"/Users/cristiancaroli/Developer/moviematch-server/src/helpers.js","statementMap":{"0":{"start":{"line":7,"column":20},"end":{"line":7,"column":52}},"1":{"start":{"line":9,"column":29},"end":{"line":48,"column":1}},"2":{"start":{"line":10,"column":12},"end":{"line":10,"column":16}},"3":{"start":{"line":11,"column":2},"end":{"line":18,"column":3}},"4":{"start":{"line":12,"column":4},"end":{"line":17,"column":5}},"5":{"start":{"line":14,"column":6},"end":{"line":14,"column":25}},"6":{"start":{"line":16,"column":6},"end":{"line":16,"column":55}},"7":{"start":{"line":19,"column":15},"end":{"line":19,"column":17}},"8":{"start":{"line":20,"column":23},"end":{"line":20,"column":25}},"9":{"start":{"line":21,"column":2},"end":{"line":21,"column":38}},"10":{"start":{"line":22,"column":2},"end":{"line":45,"column":4}},"11":{"start":{"line":23,"column":17},"end":{"line":23,"column":19}},"12":{"start":{"line":24,"column":4},"end":{"line":24,"column":71}},"13":{"start":{"line":25,"column":4},"end":{"line":25,"column":28}},"14":{"start":{"line":26,"column":4},"end":{"line":28,"column":5}},"15":{"start":{"line":27,"column":6},"end":{"line":27,"column":51}},"16":{"start":{"line":29,"column":4},"end":{"line":29,"column":34}},"17":{"start":{"line":30,"column":4},"end":{"line":30,"column":20}},"18":{"start":{"line":31,"column":4},"end":{"line":42,"column":5}},"19":{"start":{"line":32,"column":23},"end":{"line":32,"column":66}},"20":{"start":{"line":33,"column":6},"end":{"line":41,"column":7}},"21":{"start":{"line":35,"column":8},"end":{"line":35,"column":63}},"22":{"start":{"line":36,"column":8},"end":{"line":36,"column":72}},"23":{"start":{"line":39,"column":8},"end":{"line":39,"column":65}},"24":{"start":{"line":40,"column":8},"end":{"line":40,"column":60}},"25":{"start":{"line":43,"column":4},"end":{"line":43,"column":46}},"26":{"start":{"line":44,"column":4},"end":{"line":44,"column":18}},"27":{"start":{"line":46,"column":2},"end":{"line":46,"column":21}},"28":{"start":{"line":47,"column":2},"end":{"line":47,"column":38}}},"fnMap":{"0":{"name":"(anonymous_0)","decl":{"start":{"line":9,"column":29},"end":{"line":9,"column":30}},"loc":{"start":{"line":9,"column":39},"end":{"line":48,"column":1}},"line":9},"1":{"name":"(anonymous_1)","decl":{"start":{"line":22,"column":12},"end":{"line":22,"column":13}},"loc":{"start":{"line":22,"column":21},"end":{"line":45,"column":3}},"line":22}},"branchMap":{"0":{"loc":{"start":{"line":12,"column":4},"end":{"line":17,"column":5}},"type":"if","locations":[{"start":{"line":12,"column":4},"end":{"line":17,"column":5}},{"start":{"line":12,"column":4},"end":{"line":17,"column":5}}],"line":12},"1":{"loc":{"start":{"line":26,"column":4},"end":{"line":28,"column":5}},"type":"if","locations":[{"start":{"line":26,"column":4},"end":{"line":28,"column":5}},{"start":{"line":26,"column":4},"end":{"line":28,"column":5}}],"line":26},"2":{"loc":{"start":{"line":33,"column":6},"end":{"line":41,"column":7}},"type":"if","locations":[{"start":{"line":33,"column":6},"end":{"line":41,"column":7}},{"start":{"line":33,"column":6},"end":{"line":41,"column":7}}],"line":33}},"s":{"0":1,"1":1,"2":0,"3":0,"4":0,"5":0,"6":0,"7":0,"8":0,"9":0,"10":0,"11":0,"12":0,"13":0,"14":0,"15":0,"16":0,"17":0,"18":0,"19":0,"20":0,"21":0,"22":0,"23":0,"24":0,"25":0,"26":0,"27":0,"28":0},"f":{"0":0,"1":0},"b":{"0":[0,0],"1":[0,0],"2":[0,0]},"_coverageSchema":"332fd63041d2c1bcb487cc26dd0d5f7d97098a6c","hash":"2f1c0be73d7b06edb8c8cb35a80b86eec9f25079"}
}
